<?xml version="1.0" encoding="UTF-8"?>
<!-- Generated by org.testng.reporters.JUnitReportReporter -->
<testsuite hostname="DESKTOP-JDBRO8S" failures="0" tests="1" name="com.testng.pac.TakeScreenshort" time="29.348" errors="0" timestamp="2022-05-05T13:00:04 IST" skipped="0">
  <testcase classname="com.testng.pac.TakeScreenshort" name="Screenshort" time="29.348"/>
  <system-out/>
</testsuite> <!-- com.testng.pac.TakeScreenshort -->
